<?xml version="1.0" encoding="utf-8"?><testsuites name="pytest tests"><testsuite name="pytest" errors="0" failures="0" skipped="0" tests="43" time="3.730" timestamp="2026-07-11T14:33:24.903338+00:00" hostname="agent-env-93bbdd54-1136-4fcf-b494-2535865fdb4a"><testcase classname="tests.test_clengo_backend.TestAdmin" name="test_admin_stats_forbidden_for_user" time="0.296" /><testcase classname="tests.test_clengo_backend.TestOrders" name="test_create_order_success" time="0.295" /><testcase classname="tests.test_clengo_backend.TestOrders" name="test_create_order_requires_auth" time="0.104" /><testcase classname="tests.test_clengo_backend.TestAdmin" name="test_admin_stats_ok" time="0.111" /><testcase classname="tests.test_clengo_backend.TestOrders" name="test_create_order_rejects_unserviceable_pincode" time="0.087" /><testcase classname="tests.test_clengo_backend.TestOrders" name="test_create_order_rejects_empty_items" time="0.116" /><testcase classname="tests.test_clengo_backend.TestAdmin" name="test_admin_orders_ok" time="0.220" /><testcase classname="tests.test_clengo_backend.TestOrders" name="test_orders_me_returns_only_user_orders" time="0.083" /><testcase classname="tests.test_clengo_backend.TestAdmin" name="test_admin_orders_forbidden_for_user" time="0.130" /><testcase classname="tests.test_clengo_backend.TestOrders" name="test_orders_me_isolates_between_users" time="0.075" /><testcase classname="tests.test_clengo_backend.TestAdmin" name="test_admin_orders_filter_search" time="0.091" /><testcase classname="tests.test_clengo_backend.TestOrders" name="test_get_order_by_id_owner" time="0.148" /><testcase classname="tests.test_clengo_backend.TestAdmin" name="test_admin_orders_filter_status" time="0.103" /><testcase classname="tests.test_clengo_backend.TestOrders" name="test_get_order_by_id_other_user_forbidden" time="0.094" /><testcase classname="tests.test_clengo_backend.TestAdmin" name="test_admin_orders_filter_pincode" time="0.079" /><testcase classname="tests.test_clengo_backend.TestOrders" name="test_get_order_by_id_admin_can_view" time="0.075" /><testcase classname="tests.test_clengo_backend.TestAdmin" name="test_admin_orders_filter_service" time="0.087" /><testcase classname="tests.test_clengo_backend.TestOrders" name="test_get_order_not_found" time="0.080" /><testcase classname="tests.test_clengo_backend.TestAdmin" name="test_admin_orders_filter_date" time="0.082" /><testcase classname="tests.test_clengo_backend.TestPublicEndpoints" name="test_root" time="0.121" /><testcase classname="tests.test_clengo_backend.TestAdmin" name="test_admin_update_order_status_valid" time="0.244" /><testcase classname="tests.test_clengo_backend.TestPublicEndpoints" name="test_list_pincodes_returns_12_seeded" time="0.075" /><testcase classname="tests.test_clengo_backend.TestPublicEndpoints" name="test_pincode_check_serviceable" time="0.119" /><testcase classname="tests.test_clengo_backend.TestAdmin" name="test_admin_update_order_status_completed_sets_paid" time="0.096" /><testcase classname="tests.test_clengo_backend.TestPublicEndpoints" name="test_pincode_check_not_serviceable" time="0.126" /><testcase classname="tests.test_clengo_backend.TestAdmin" name="test_admin_update_order_status_invalid" time="0.088" /><testcase classname="tests.test_clengo_backend.TestPublicEndpoints" name="test_catalog_returns_16_items" time="0.106" /><testcase classname="tests.test_clengo_backend.TestAdmin" name="test_admin_update_order_status_not_found" time="0.078" /><testcase classname="tests.test_clengo_backend.TestAuthGating" name="test_me_without_auth_401" time="0.079" /><testcase classname="tests.test_clengo_backend.TestAdmin" name="test_admin_export_orders_xlsx" time="0.294" /><testcase classname="tests.test_clengo_backend.TestAuthGating" name="test_orders_me_without_auth_401" time="0.218" /><testcase classname="tests.test_clengo_backend.TestAdmin" name="test_admin_complaints_list" time="0.091" /><testcase classname="tests.test_clengo_backend.TestAuthGating" name="test_admin_stats_without_auth_401" time="0.072" /><testcase classname="tests.test_clengo_backend.TestAuthGating" name="test_me_with_valid_token" time="0.090" /><testcase classname="tests.test_clengo_backend.TestAdmin" name="test_admin_complaints_forbidden_for_user" time="0.128" /><testcase classname="tests.test_clengo_backend.TestAuthGating" name="test_me_with_invalid_token" time="0.117" /><testcase classname="tests.test_clengo_backend.TestAdmin" name="test_admin_pincodes_forbidden_for_user" time="0.124" /><testcase classname="tests.test_clengo_backend.TestAdmin" name="test_admin_pincodes_crud" time="0.508" /><testcase classname="tests.test_clengo_backend.TestComplaints" name="test_create_complaint_success" time="0.166" /><testcase classname="tests.test_clengo_backend.TestComplaints" name="test_create_complaint_order_not_found" time="0.129" /><testcase classname="tests.test_clengo_backend.TestComplaints" name="test_create_complaint_wrong_owner" time="0.079" /><testcase classname="tests.test_clengo_backend.TestComplaints" name="test_complaints_me" time="0.104" /><testcase classname="tests.test_clengo_backend.TestSessionEndpoint" name="test_session_endpoint_exists_and_requires_session_id" time="0.084" /></testsuite></testsuites>